<?xml version="1.0" encoding="UTF-8" ?>
<testsuite tests="1" failures="0" name="com.function.adamsale.server.FunctionTest" time="1.01" errors="0" skipped="0">
  <properties>
    <property name="java.runtime.name" value="OpenJDK Runtime Environment"/>
    <property name="java.vm.version" value="11.0.8+10-b944.6842174"/>
    <property name="sun.boot.library.path" value="D:\Installed programs\androidstudio\jre\bin"/>
    <property name="user.country.format" value="001"/>
    <property name="maven.multiModuleProjectDirectory" value="D:\aaserver"/>
    <property name="java.vm.vendor" value="JetBrains s.r.o"/>
    <property name="java.vendor.url" value="https://openjdk.java.net/"/>
    <property name="guice.disable.misplaced.annotation.check" value="true"/>
    <property name="path.separator" value=";"/>
    <property name="java.vm.name" value="OpenJDK 64-Bit Server VM"/>
    <property name="sun.os.patch.level" value=""/>
    <property name="user.script" value=""/>
    <property name="user.country" value="US"/>
    <property name="sun.java.launcher" value="SUN_STANDARD"/>
    <property name="java.vm.specification.name" value="Java Virtual Machine Specification"/>
    <property name="user.dir" value="D:\aaserver"/>
    <property name="java.vm.compressedOopsMode" value="32-bit"/>
    <property name="java.runtime.version" value="11.0.8+10-b944.6842174"/>
    <property name="java.awt.graphicsenv" value="sun.awt.Win32GraphicsEnvironment"/>
    <property name="os.arch" value="amd64"/>
    <property name="java.io.tmpdir" value="C:\Users\ADITYA MITRA\AppData\Local\Temp\"/>
    <property name="line.separator" value="
"/>
    <property name="java.vm.specification.vendor" value="Oracle Corporation"/>
    <property name="user.variant" value=""/>
    <property name="os.name" value="Windows 10"/>
    <property name="classworlds.conf" value="D:\Program Files (x86)\maven\bin\..\bin\m2.conf"/>
    <property name="sun.jnu.encoding" value="Cp1252"/>
    <property name="java.library.path" value="D:\Installed programs\androidstudio\jre\bin;C:\WINDOWS\Sun\Java\bin;C:\WINDOWS\system32;C:\WINDOWS;C:\Program Files\WindowsApps\Microsoft.PowerShellPreview_7.2.8.0_x64__8wekyb3d8bbwe;C:\Program Files (x86)\Microsoft SDKs\Azure\CLI2\wbin;D:\Program Files (x86)\VMware\VMware Workstation\bin\;C:\Program Files\NVIDIA GPU Computing Toolkit\CUDA\v11.2\bin;C:\Program Files\NVIDIA GPU Computing Toolkit\CUDA\v11.2\libnvvp;C:\Program Files\Common Files\Oracle\Java\javapath;C:\Program Files (x86)\Common Files\Oracle\Java\javapath;C:\Windows\system32;C:\Windows;C:\Windows\System32\Wbem;C:\Windows\System32\WindowsPowerShell\v1.0\;C:\Windows\System32\OpenSSH\;C:\Program Files (x86)\NVIDIA Corporation\PhysX\Common;C:\ProgramData\chocolatey\bin;C:\Program Files (x86)\PuTTY\;C:\Program Files\dotnet\;C:\Program Files\Intel\TXE Components\DAL\;C:\Program Files (x86)\Intel\TXE Components\DAL\;C:\Program Files (x86)\Gpg4win\..\GnuPG\bin;D:\Installed programs\nodejs\;C:\Program Files\kubectl;C:\Program Files\helm\windows-amd64;C:\Gradle\gradle-6.7.1\bin;C:\Path;C:\Program Files\CMake\bin;C:\Program Files\Microsoft SQL Server\130\Tools\Binn\;C:\Program Files\NVIDIA Corporation\Nsight Compute 2020.3.1\;C:\Program Files\NVIDIA Corporation\NVIDIA NvDLISR;D:\winsdkinstalled\Windows Performance Toolkit\;C:\Program Files (x86)\dotnet\;C:\Program Files (x86)\NVIDIA Corporation\NGCCLI\x86\;D:\Program Files\PowerShell\7\;D:\Program Files\Huawei QuickApp IDE\bin;C:\WINDOWS\system32;C:\WINDOWS;D:\Program Files\Huawei QuickApp IDE\resources\app\extensions\deveco-debug\lib\toolkit\nodeTool;D:\Program Files\Huawei QuickApp IDE\resources\app\extensions\deveco-debug\lib\toolkit;C:\Program Files\Git\cmd;C:\Program Files\Git\mingw64\bin;C:\Program Files\Git\usr\bin;C:\WINDOWS\System32\Wbem;C:\WINDOWS\System32\WindowsPowerShell\v1.0\;C:\WINDOWS\System32\OpenSSH\;C:\Program Files\Docker\Docker\resources\bin;C:\ProgramData\DockerDesktop\version-bin;C:\Program Files\MySQL\MySQL Shell 8.0\bin\;C:\Users\ADITYA MITRA\AppData\Local\Microsoft\WindowsApps;C:\Users\ADITYA MITRA\AppData\Local\Programs\Microsoft VS Code\bin;C:\Users\ADITYA MITRA\.dotnet\tools;D:\Installed programs\Dev-Cpp\MinGW64\bin;C:\Users\ADITYA MITRA\AppData\Local\GitHubDesktop\bin;C:\Program Files (x86)\GitHub CLI\;C:\Program Files\Java\jdk-15.0.1\bin;C:\Program Files (x86)\Minimal ADB and Fastboot;C:\Users\ADITYA MITRA\AppData\Roaming\npm;C:\Users\ADITYA MITRA\AppData\Local\Packages\PythonSoftwareFoundation.Python.3.8_qbz5n2kfra8p0\LocalCache\local-packages\Python38\Scripts;D:\flutter\bin;C:\Path;C:\Program Files (x86)\Nmap;C:\Path\node_modules\edge-launcher\dist\x86;C:\Program Files\heroku\bin;D:\Installed programs\R-4.0.3\bin\x64;C:\Path\ccrypt-1.11.cygwin-x64;D:\Installed programs\Openssl\bin;D:\Program Files (x86)\Microsoft Visual Studio\2019\Community\VC\Tools\MSVC\14.28.29910\bin\Hostx64\x64;D:\Program Files (x86)\maven\bin;D:\Installed programs\Markdown Monster;."/>
    <property name="maven.conf" value="D:\Program Files (x86)\maven\bin\../conf"/>
    <property name="jdk.debug" value="release"/>
    <property name="java.class.version" value="55.0"/>
    <property name="java.specification.name" value="Java Platform API Specification"/>
    <property name="sun.management.compiler" value="HotSpot 64-Bit Tiered Compilers"/>
    <property name="os.version" value="10.0"/>
    <property name="library.jansi.path" value="D:\Program Files (x86)\maven\bin\..\lib\jansi-native"/>
    <property name="user.home" value="C:\Users\ADITYA MITRA"/>
    <property name="user.timezone" value="Asia/Calcutta"/>
    <property name="java.awt.printerjob" value="sun.awt.windows.WPrinterJob"/>
    <property name="file.encoding" value="Cp1252"/>
    <property name="java.specification.version" value="11"/>
    <property name="user.name" value="ADITYA MITRA"/>
    <property name="java.class.path" value="D:\Program Files (x86)\maven\bin\..\boot\plexus-classworlds-2.6.0.jar"/>
    <property name="java.vm.specification.version" value="11"/>
    <property name="sun.arch.data.model" value="64"/>
    <property name="sun.java.command" value="org.codehaus.plexus.classworlds.launcher.Launcher clean package"/>
    <property name="java.home" value="D:\Installed programs\androidstudio\jre"/>
    <property name="user.language" value="en"/>
    <property name="java.specification.vendor" value="Oracle Corporation"/>
    <property name="awt.toolkit" value="sun.awt.windows.WToolkit"/>
    <property name="java.vm.info" value="mixed mode"/>
    <property name="java.version" value="11.0.8"/>
    <property name="java.vendor" value="N/A"/>
    <property name="sun.stderr.encoding" value="cp437"/>
    <property name="maven.home" value="D:\Program Files (x86)\maven\bin\.."/>
    <property name="file.separator" value="\"/>
    <property name="java.version.date" value="2020-07-14"/>
    <property name="java.vendor.url.bug" value="https://bugreport.java.com/bugreport/"/>
    <property name="sun.io.unicode.encoding" value="UnicodeLittle"/>
    <property name="sun.cpu.endian" value="little"/>
    <property name="sun.stdout.encoding" value="cp437"/>
    <property name="sun.desktop" value="windows"/>
    <property name="sun.cpu.isalist" value="amd64"/>
  </properties>
  <testcase classname="com.function.adamsale.server.FunctionTest" name="com.function.adamsale.server.FunctionTest.testHttpTriggerJava" time="1.01"/>
</testsuite>